<?xml version='1.0' encoding='UTF-8'?>
<testsuite hostname="PARFIONAUAA" name="DataFrameTransformTest" tests="1" errors="0" failures="0" skipped="0" time="2.898" timestamp="2019-08-30T10:50:12">
                     <properties>
[...]
</properties>
                     <testcase classname="DataFrameTransformTest" name="transformData(DF01_fake)" time="2.898">
                                                 
                                               </testcase>
                     <system-out><![CDATA[]]></system-out>
                     <system-err><![CDATA[]]></system-err>
                   </testsuite>